<?xml version="1.0" encoding="utf-8"?><testsuites name="pytest tests"><testsuite name="pytest" errors="0" failures="0" skipped="0" tests="17" time="9.657" timestamp="2026-04-24T18:42:02.619726+00:00" hostname="agent-env-78798821-d796-484a-9ef2-62d12139cdf2"><testcase classname="backend_test.TestRoot" name="test_root_returns_rooms_count" time="0.276" /><testcase classname="backend_test.TestRoomCreate" name="test_create_room_default_name" time="0.144" /><testcase classname="backend_test.TestRoomCreate" name="test_create_room_custom_name" time="0.171" /><testcase classname="backend_test.TestRoomCreate" name="test_create_room_truncates_long_name" time="0.118" /><testcase classname="backend_test.TestRoomInfo" name="test_room_info_ok" time="0.266" /><testcase classname="backend_test.TestRoomInfo" name="test_room_info_not_found" time="0.111" /><testcase classname="backend_test.TestWebSocket" name="test_invalid_room_closes_with_error" time="0.215" /><testcase classname="backend_test.TestWebSocket" name="test_gm_welcome_and_initial_state" time="0.356" /><testcase classname="backend_test.TestWebSocket" name="test_player_cannot_be_gm_without_secret" time="0.386" /><testcase classname="backend_test.TestWebSocket" name="test_gm_create_card_broadcasts_to_player" time="0.907" /><testcase classname="backend_test.TestWebSocket" name="test_player_cannot_mutate_state" time="2.627" /><testcase classname="backend_test.TestWebSocket" name="test_player_dice_roll_broadcasts" time="0.751" /><testcase classname="backend_test.TestWebSocket" name="test_card_patch_moves_card" time="0.507" /><testcase classname="backend_test.TestWebSocket" name="test_card_duplicate_and_delete" time="0.474" /><testcase classname="backend_test.TestWebSocket" name="test_board_clear_and_library_ops" time="0.486" /><testcase classname="backend_test.TestWebSocket" name="test_scale_dice_type_sound_bg" time="0.520" /><testcase classname="backend_test.TestWebSocket" name="test_room_info_reflects_user_count" time="1.176" /></testsuite></testsuites>